<?xml version="1.0" encoding="utf-8" standalone="no"?>
<!--This file represents the results of running a test suite-->
<test-results name="E:\E_Commerce\Merk\tests\unit\ecommerce.merk.unittest\bin\Debug\ecommerce.merk.unittest.dll" total="7" errors="0" failures="0" not-run="0" inconclusive="0" ignored="0" skipped="0" invalid="0" date="2014-03-05" time="11:48:31">
  <environment nunit-version="2.6.3.13283" clr-version="2.0.50727.4927" os-version="Microsoft Windows NT 6.1.7600.0" platform="Win32NT" cwd="E:\E_Commerce\Merk\tests\unit\ecommerce.merk.unittest\bin\Debug" machine-name="RAHARDIANDJ-PC" user="RahardianDJ" user-domain="RahardianDJ-PC" />
  <culture-info current-culture="en-US" current-uiculture="en-US" />
  <test-suite type="Assembly" name="E:\E_Commerce\Merk\tests\unit\ecommerce.merk.unittest\bin\Debug\ecommerce.merk.unittest.dll" executed="True" result="Success" success="True" time="4.882" asserts="0">
    <results>
      <test-suite type="Namespace" name="ecommerce" executed="True" result="Success" success="True" time="4.872" asserts="0">
        <results>
          <test-suite type="Namespace" name="merk" executed="True" result="Success" success="True" time="4.871" asserts="0">
            <results>
              <test-suite type="Namespace" name="unittest" executed="True" result="Success" success="True" time="4.870" asserts="0">
                <results>
                  <test-suite type="TestFixture" name="MerkUnitTest" executed="True" result="Success" success="True" time="4.869" asserts="0">
                    <results>
                      <test-case name="ecommerce.merk.unittest.MerkUnitTest.DeleteMerk" executed="True" result="Success" success="True" time="4.034" asserts="1" />
                      <test-case name="ecommerce.merk.unittest.MerkUnitTest.GetAllMerkTest" executed="True" result="Success" success="True" time="0.043" asserts="1" />
                      <test-case name="ecommerce.merk.unittest.MerkUnitTest.GetByIdMerkTest" executed="True" result="Success" success="True" time="0.012" asserts="1" />
                      <test-case name="ecommerce.merk.unittest.MerkUnitTest.GetByIdNullMerkTest" executed="True" result="Success" success="True" time="0.015" asserts="1" />
                      <test-case name="ecommerce.merk.unittest.MerkUnitTest.InsertTest" executed="True" result="Success" success="True" time="0.224" asserts="1" />
                      <test-case name="ecommerce.merk.unittest.MerkUnitTest.UpdateNullMerkTest" executed="True" result="Success" success="True" time="0.024" asserts="0" />
                      <test-case name="ecommerce.merk.unittest.MerkUnitTest.UpdateTest" executed="True" result="Success" success="True" time="0.142" asserts="1" />
                    </results>
                  </test-suite>
                </results>
              </test-suite>
            </results>
          </test-suite>
        </results>
      </test-suite>
    </results>
  </test-suite>
</test-results>